-------------------------------------------------------------------------------
Test set: Entity.TestDB.SprintCrudTest
-------------------------------------------------------------------------------
Tests run: 8, Failures: 4, Errors: 4, Skipped: 0, Time elapsed: 3.978 sec <<< FAILURE! - in Entity.TestDB.SprintCrudTest
persistirSprint(Entity.TestDB.SprintCrudTest)  Time elapsed: 0.011 sec  <<< ERROR!
javax.persistence.PersistenceException: 
Exception [EclipseLink-7060] (Eclipse Persistence Services - 2.5.2.v20140319-9ad6abd): org.eclipse.persistence.exceptions.ValidationException
Exception Description: Cannot acquire data source [jdbc/ductum].
Internal Exception: javax.naming.NamingException: Lookup failed for 'jdbc/ductum' in SerialContext[myEnv={java.naming.factory.initial=com.sun.enterprise.naming.impl.SerialInitContextFactory, java.naming.factory.url.pkgs=com.sun.enterprise.naming, java.naming.factory.state=com.sun.corba.ee.impl.presentation.rmi.JNDIStateFactoryImpl} [Root exception is javax.naming.NameNotFoundException: ductum not found]
Caused by: org.eclipse.persistence.exceptions.ValidationException: 

Exception Description: Cannot acquire data source [jdbc/ductum].
Internal Exception: javax.naming.NamingException: Lookup failed for 'jdbc/ductum' in SerialContext[myEnv={java.naming.factory.initial=com.sun.enterprise.naming.impl.SerialInitContextFactory, java.naming.factory.url.pkgs=com.sun.enterprise.naming, java.naming.factory.state=com.sun.corba.ee.impl.presentation.rmi.JNDIStateFactoryImpl} [Root exception is javax.naming.NameNotFoundException: ductum not found]
Caused by: javax.naming.NamingException: Lookup failed for 'jdbc/ductum' in SerialContext[myEnv={java.naming.factory.initial=com.sun.enterprise.naming.impl.SerialInitContextFactory, java.naming.factory.url.pkgs=com.sun.enterprise.naming, java.naming.factory.state=com.sun.corba.ee.impl.presentation.rmi.JNDIStateFactoryImpl}
Caused by: javax.naming.NameNotFoundException: ductum not found

persistirSprint(Entity.TestDB.SprintCrudTest)  Time elapsed: 0.011 sec  <<< FAILURE!
java.lang.AssertionError

removerFeature(Entity.TestDB.SprintCrudTest)  Time elapsed: 0.002 sec  <<< ERROR!
javax.persistence.PersistenceException: 
Exception [EclipseLink-7060] (Eclipse Persistence Services - 2.5.2.v20140319-9ad6abd): org.eclipse.persistence.exceptions.ValidationException
Exception Description: Cannot acquire data source [jdbc/ductum].
Internal Exception: javax.naming.NamingException: Lookup failed for 'jdbc/ductum' in SerialContext[myEnv={java.naming.factory.initial=com.sun.enterprise.naming.impl.SerialInitContextFactory, java.naming.factory.url.pkgs=com.sun.enterprise.naming, java.naming.factory.state=com.sun.corba.ee.impl.presentation.rmi.JNDIStateFactoryImpl} [Root exception is javax.naming.NameNotFoundException: ductum not found]
Caused by: org.eclipse.persistence.exceptions.ValidationException: 

Exception Description: Cannot acquire data source [jdbc/ductum].
Internal Exception: javax.naming.NamingException: Lookup failed for 'jdbc/ductum' in SerialContext[myEnv={java.naming.factory.initial=com.sun.enterprise.naming.impl.SerialInitContextFactory, java.naming.factory.url.pkgs=com.sun.enterprise.naming, java.naming.factory.state=com.sun.corba.ee.impl.presentation.rmi.JNDIStateFactoryImpl} [Root exception is javax.naming.NameNotFoundException: ductum not found]
Caused by: javax.naming.NamingException: Lookup failed for 'jdbc/ductum' in SerialContext[myEnv={java.naming.factory.initial=com.sun.enterprise.naming.impl.SerialInitContextFactory, java.naming.factory.url.pkgs=com.sun.enterprise.naming, java.naming.factory.state=com.sun.corba.ee.impl.presentation.rmi.JNDIStateFactoryImpl}
Caused by: javax.naming.NameNotFoundException: ductum not found

removerFeature(Entity.TestDB.SprintCrudTest)  Time elapsed: 0.003 sec  <<< FAILURE!
java.lang.AssertionError

atualizarSprintMerge(Entity.TestDB.SprintCrudTest)  Time elapsed: 0.002 sec  <<< ERROR!
javax.persistence.PersistenceException: 
Exception [EclipseLink-7060] (Eclipse Persistence Services - 2.5.2.v20140319-9ad6abd): org.eclipse.persistence.exceptions.ValidationException
Exception Description: Cannot acquire data source [jdbc/ductum].
Internal Exception: javax.naming.NamingException: Lookup failed for 'jdbc/ductum' in SerialContext[myEnv={java.naming.factory.initial=com.sun.enterprise.naming.impl.SerialInitContextFactory, java.naming.factory.url.pkgs=com.sun.enterprise.naming, java.naming.factory.state=com.sun.corba.ee.impl.presentation.rmi.JNDIStateFactoryImpl} [Root exception is javax.naming.NameNotFoundException: ductum not found]
Caused by: org.eclipse.persistence.exceptions.ValidationException: 

Exception Description: Cannot acquire data source [jdbc/ductum].
Internal Exception: javax.naming.NamingException: Lookup failed for 'jdbc/ductum' in SerialContext[myEnv={java.naming.factory.initial=com.sun.enterprise.naming.impl.SerialInitContextFactory, java.naming.factory.url.pkgs=com.sun.enterprise.naming, java.naming.factory.state=com.sun.corba.ee.impl.presentation.rmi.JNDIStateFactoryImpl} [Root exception is javax.naming.NameNotFoundException: ductum not found]
Caused by: javax.naming.NamingException: Lookup failed for 'jdbc/ductum' in SerialContext[myEnv={java.naming.factory.initial=com.sun.enterprise.naming.impl.SerialInitContextFactory, java.naming.factory.url.pkgs=com.sun.enterprise.naming, java.naming.factory.state=com.sun.corba.ee.impl.presentation.rmi.JNDIStateFactoryImpl}
Caused by: javax.naming.NameNotFoundException: ductum not found

atualizarSprintMerge(Entity.TestDB.SprintCrudTest)  Time elapsed: 0.002 sec  <<< FAILURE!
java.lang.AssertionError

atualizarSprint(Entity.TestDB.SprintCrudTest)  Time elapsed: 0.002 sec  <<< ERROR!
javax.persistence.PersistenceException: 
Exception [EclipseLink-7060] (Eclipse Persistence Services - 2.5.2.v20140319-9ad6abd): org.eclipse.persistence.exceptions.ValidationException
Exception Description: Cannot acquire data source [jdbc/ductum].
Internal Exception: javax.naming.NamingException: Lookup failed for 'jdbc/ductum' in SerialContext[myEnv={java.naming.factory.initial=com.sun.enterprise.naming.impl.SerialInitContextFactory, java.naming.factory.url.pkgs=com.sun.enterprise.naming, java.naming.factory.state=com.sun.corba.ee.impl.presentation.rmi.JNDIStateFactoryImpl} [Root exception is javax.naming.NameNotFoundException: ductum not found]
Caused by: org.eclipse.persistence.exceptions.ValidationException: 

Exception Description: Cannot acquire data source [jdbc/ductum].
Internal Exception: javax.naming.NamingException: Lookup failed for 'jdbc/ductum' in SerialContext[myEnv={java.naming.factory.initial=com.sun.enterprise.naming.impl.SerialInitContextFactory, java.naming.factory.url.pkgs=com.sun.enterprise.naming, java.naming.factory.state=com.sun.corba.ee.impl.presentation.rmi.JNDIStateFactoryImpl} [Root exception is javax.naming.NameNotFoundException: ductum not found]
Caused by: javax.naming.NamingException: Lookup failed for 'jdbc/ductum' in SerialContext[myEnv={java.naming.factory.initial=com.sun.enterprise.naming.impl.SerialInitContextFactory, java.naming.factory.url.pkgs=com.sun.enterprise.naming, java.naming.factory.state=com.sun.corba.ee.impl.presentation.rmi.JNDIStateFactoryImpl}
Caused by: javax.naming.NameNotFoundException: ductum not found

atualizarSprint(Entity.TestDB.SprintCrudTest)  Time elapsed: 0.002 sec  <<< FAILURE!
java.lang.AssertionError

