-------------------------------------------------------------------------------
Test set: Entity.TestDB.MeetingCrudTest
-------------------------------------------------------------------------------
Tests run: 8, Failures: 4, Errors: 4, Skipped: 0, Time elapsed: 3.311 sec <<< FAILURE! - in Entity.TestDB.MeetingCrudTest
atualizarMeeting(Entity.TestDB.MeetingCrudTest)  Time elapsed: 0.017 sec  <<< ERROR!
javax.persistence.PersistenceException: 
Exception [EclipseLink-7060] (Eclipse Persistence Services - 2.5.2.v20140319-9ad6abd): org.eclipse.persistence.exceptions.ValidationException
Exception Description: Cannot acquire data source [jdbc/ductum].
Internal Exception: javax.naming.NamingException: Lookup failed for 'jdbc/ductum' in SerialContext[myEnv={java.naming.factory.initial=com.sun.enterprise.naming.impl.SerialInitContextFactory, java.naming.factory.url.pkgs=com.sun.enterprise.naming, java.naming.factory.state=com.sun.corba.ee.impl.presentation.rmi.JNDIStateFactoryImpl} [Root exception is javax.naming.NameNotFoundException: ductum not found]
Caused by: org.eclipse.persistence.exceptions.ValidationException: 

Exception Description: Cannot acquire data source [jdbc/ductum].
Internal Exception: javax.naming.NamingException: Lookup failed for 'jdbc/ductum' in SerialContext[myEnv={java.naming.factory.initial=com.sun.enterprise.naming.impl.SerialInitContextFactory, java.naming.factory.url.pkgs=com.sun.enterprise.naming, java.naming.factory.state=com.sun.corba.ee.impl.presentation.rmi.JNDIStateFactoryImpl} [Root exception is javax.naming.NameNotFoundException: ductum not found]
Caused by: javax.naming.NamingException: Lookup failed for 'jdbc/ductum' in SerialContext[myEnv={java.naming.factory.initial=com.sun.enterprise.naming.impl.SerialInitContextFactory, java.naming.factory.url.pkgs=com.sun.enterprise.naming, java.naming.factory.state=com.sun.corba.ee.impl.presentation.rmi.JNDIStateFactoryImpl}
Caused by: javax.naming.NameNotFoundException: ductum not found

atualizarMeeting(Entity.TestDB.MeetingCrudTest)  Time elapsed: 0.018 sec  <<< FAILURE!
java.lang.AssertionError

atualizarMeetingMerge(Entity.TestDB.MeetingCrudTest)  Time elapsed: 0.005 sec  <<< ERROR!
javax.persistence.PersistenceException: 
Exception [EclipseLink-7060] (Eclipse Persistence Services - 2.5.2.v20140319-9ad6abd): org.eclipse.persistence.exceptions.ValidationException
Exception Description: Cannot acquire data source [jdbc/ductum].
Internal Exception: javax.naming.NamingException: Lookup failed for 'jdbc/ductum' in SerialContext[myEnv={java.naming.factory.initial=com.sun.enterprise.naming.impl.SerialInitContextFactory, java.naming.factory.url.pkgs=com.sun.enterprise.naming, java.naming.factory.state=com.sun.corba.ee.impl.presentation.rmi.JNDIStateFactoryImpl} [Root exception is javax.naming.NameNotFoundException: ductum not found]
Caused by: org.eclipse.persistence.exceptions.ValidationException: 

Exception Description: Cannot acquire data source [jdbc/ductum].
Internal Exception: javax.naming.NamingException: Lookup failed for 'jdbc/ductum' in SerialContext[myEnv={java.naming.factory.initial=com.sun.enterprise.naming.impl.SerialInitContextFactory, java.naming.factory.url.pkgs=com.sun.enterprise.naming, java.naming.factory.state=com.sun.corba.ee.impl.presentation.rmi.JNDIStateFactoryImpl} [Root exception is javax.naming.NameNotFoundException: ductum not found]
Caused by: javax.naming.NamingException: Lookup failed for 'jdbc/ductum' in SerialContext[myEnv={java.naming.factory.initial=com.sun.enterprise.naming.impl.SerialInitContextFactory, java.naming.factory.url.pkgs=com.sun.enterprise.naming, java.naming.factory.state=com.sun.corba.ee.impl.presentation.rmi.JNDIStateFactoryImpl}
Caused by: javax.naming.NameNotFoundException: ductum not found

atualizarMeetingMerge(Entity.TestDB.MeetingCrudTest)  Time elapsed: 0.005 sec  <<< FAILURE!
java.lang.AssertionError

persistirMeeting(Entity.TestDB.MeetingCrudTest)  Time elapsed: 0.006 sec  <<< ERROR!
javax.persistence.PersistenceException: 
Exception [EclipseLink-7060] (Eclipse Persistence Services - 2.5.2.v20140319-9ad6abd): org.eclipse.persistence.exceptions.ValidationException
Exception Description: Cannot acquire data source [jdbc/ductum].
Internal Exception: javax.naming.NamingException: Lookup failed for 'jdbc/ductum' in SerialContext[myEnv={java.naming.factory.initial=com.sun.enterprise.naming.impl.SerialInitContextFactory, java.naming.factory.url.pkgs=com.sun.enterprise.naming, java.naming.factory.state=com.sun.corba.ee.impl.presentation.rmi.JNDIStateFactoryImpl} [Root exception is javax.naming.NameNotFoundException: ductum not found]
Caused by: org.eclipse.persistence.exceptions.ValidationException: 

Exception Description: Cannot acquire data source [jdbc/ductum].
Internal Exception: javax.naming.NamingException: Lookup failed for 'jdbc/ductum' in SerialContext[myEnv={java.naming.factory.initial=com.sun.enterprise.naming.impl.SerialInitContextFactory, java.naming.factory.url.pkgs=com.sun.enterprise.naming, java.naming.factory.state=com.sun.corba.ee.impl.presentation.rmi.JNDIStateFactoryImpl} [Root exception is javax.naming.NameNotFoundException: ductum not found]
Caused by: javax.naming.NamingException: Lookup failed for 'jdbc/ductum' in SerialContext[myEnv={java.naming.factory.initial=com.sun.enterprise.naming.impl.SerialInitContextFactory, java.naming.factory.url.pkgs=com.sun.enterprise.naming, java.naming.factory.state=com.sun.corba.ee.impl.presentation.rmi.JNDIStateFactoryImpl}
Caused by: javax.naming.NameNotFoundException: ductum not found

persistirMeeting(Entity.TestDB.MeetingCrudTest)  Time elapsed: 0.006 sec  <<< FAILURE!
java.lang.AssertionError

removerMeeting(Entity.TestDB.MeetingCrudTest)  Time elapsed: 0.004 sec  <<< ERROR!
javax.persistence.PersistenceException: 
Exception [EclipseLink-7060] (Eclipse Persistence Services - 2.5.2.v20140319-9ad6abd): org.eclipse.persistence.exceptions.ValidationException
Exception Description: Cannot acquire data source [jdbc/ductum].
Internal Exception: javax.naming.NamingException: Lookup failed for 'jdbc/ductum' in SerialContext[myEnv={java.naming.factory.initial=com.sun.enterprise.naming.impl.SerialInitContextFactory, java.naming.factory.url.pkgs=com.sun.enterprise.naming, java.naming.factory.state=com.sun.corba.ee.impl.presentation.rmi.JNDIStateFactoryImpl} [Root exception is javax.naming.NameNotFoundException: ductum not found]
Caused by: org.eclipse.persistence.exceptions.ValidationException: 

Exception Description: Cannot acquire data source [jdbc/ductum].
Internal Exception: javax.naming.NamingException: Lookup failed for 'jdbc/ductum' in SerialContext[myEnv={java.naming.factory.initial=com.sun.enterprise.naming.impl.SerialInitContextFactory, java.naming.factory.url.pkgs=com.sun.enterprise.naming, java.naming.factory.state=com.sun.corba.ee.impl.presentation.rmi.JNDIStateFactoryImpl} [Root exception is javax.naming.NameNotFoundException: ductum not found]
Caused by: javax.naming.NamingException: Lookup failed for 'jdbc/ductum' in SerialContext[myEnv={java.naming.factory.initial=com.sun.enterprise.naming.impl.SerialInitContextFactory, java.naming.factory.url.pkgs=com.sun.enterprise.naming, java.naming.factory.state=com.sun.corba.ee.impl.presentation.rmi.JNDIStateFactoryImpl}
Caused by: javax.naming.NameNotFoundException: ductum not found

removerMeeting(Entity.TestDB.MeetingCrudTest)  Time elapsed: 0.004 sec  <<< FAILURE!
java.lang.AssertionError

