<?xml version="1.0" encoding="UTF-8"?>
<testsuite xmlns:xsi="http://www.w3.org/2001/XMLSchema-instance" xsi:schemaLocation="https://maven.apache.org/surefire/maven-surefire-plugin/xsd/surefire-test-report.xsd" name="Entity.ValidatorTest.FeatureValidationTest" time="4.619" tests="4" errors="4" skipped="0" failures="0">
  <properties>
[...]
</properties>
  <testcase name="persistirClientInvalido" classname="Entity.ValidatorTest.FeatureValidationTest" time="0.007">
    <error message="Exception [EclipseLink-7060] (Eclipse Persistence Services - 2.5.2.v20140319-9ad6abd): org.eclipse.persistence.exceptions.ValidationException&#10;Exception Description: Cannot acquire data source [jdbc/ductum].&#10;Internal Exception: javax.naming.NamingException: Lookup failed for &apos;jdbc/ductum&apos; in SerialContext[myEnv={java.naming.factory.initial=com.sun.enterprise.naming.impl.SerialInitContextFactory, java.naming.factory.url.pkgs=com.sun.enterprise.naming, java.naming.factory.state=com.sun.corba.ee.impl.presentation.rmi.JNDIStateFactoryImpl} [Root exception is javax.naming.NameNotFoundException: ductum not found]" type="javax.persistence.PersistenceException">javax.persistence.PersistenceException: 
Exception [EclipseLink-7060] (Eclipse Persistence Services - 2.5.2.v20140319-9ad6abd): org.eclipse.persistence.exceptions.ValidationException
Exception Description: Cannot acquire data source [jdbc/ductum].
Internal Exception: javax.naming.NamingException: Lookup failed for 'jdbc/ductum' in SerialContext[myEnv={java.naming.factory.initial=com.sun.enterprise.naming.impl.SerialInitContextFactory, java.naming.factory.url.pkgs=com.sun.enterprise.naming, java.naming.factory.state=com.sun.corba.ee.impl.presentation.rmi.JNDIStateFactoryImpl} [Root exception is javax.naming.NameNotFoundException: ductum not found]
Caused by: org.eclipse.persistence.exceptions.ValidationException: 

Exception Description: Cannot acquire data source [jdbc/ductum].
Internal Exception: javax.naming.NamingException: Lookup failed for 'jdbc/ductum' in SerialContext[myEnv={java.naming.factory.initial=com.sun.enterprise.naming.impl.SerialInitContextFactory, java.naming.factory.url.pkgs=com.sun.enterprise.naming, java.naming.factory.state=com.sun.corba.ee.impl.presentation.rmi.JNDIStateFactoryImpl} [Root exception is javax.naming.NameNotFoundException: ductum not found]
Caused by: javax.naming.NamingException: Lookup failed for 'jdbc/ductum' in SerialContext[myEnv={java.naming.factory.initial=com.sun.enterprise.naming.impl.SerialInitContextFactory, java.naming.factory.url.pkgs=com.sun.enterprise.naming, java.naming.factory.state=com.sun.corba.ee.impl.presentation.rmi.JNDIStateFactoryImpl}
Caused by: javax.naming.NameNotFoundException: ductum not found
</error>
    <system-out><![CDATA[[EL Config]: metadata: 2019-11-25 01:56:13.771--ServerSession(1942689199)--Thread(Thread[main,5,main])--The access type for the persistent class [class com.mycompany.ductumejb.entidade.Entidade] is set to [FIELD].
[EL Config]: metadata: 2019-11-25 01:56:13.771--ServerSession(1942689199)--Thread(Thread[main,5,main])--The target entity (reference) class for the many to one mapping element [field project] is being defaulted to: class com.mycompany.ductumejb.entidade.Project.
[EL Config]: metadata: 2019-11-25 01:56:13.772--ServerSession(1942689199)--Thread(Thread[main,5,main])--The access type for the persistent class [class com.mycompany.ductumejb.entidade.Client] is set to [FIELD].
[EL Config]: metadata: 2019-11-25 01:56:13.772--ServerSession(1942689199)--Thread(Thread[main,5,main])--The target entity (reference) class for the many to many mapping element [field solicitations] is being defaulted to: class com.mycompany.ductumejb.entidade.Solicitation.
[EL Config]: metadata: 2019-11-25 01:56:13.772--ServerSession(1942689199)--Thread(Thread[main,5,main])--The access type for the persistent class [class com.mycompany.ductumejb.entidade.Sprint] is set to [FIELD].
[EL Config]: metadata: 2019-11-25 01:56:13.772--ServerSession(1942689199)--Thread(Thread[main,5,main])--The target entity (reference) class for the one to many mapping element [field features] is being defaulted to: class com.mycompany.ductumejb.entidade.Feature.
[EL Config]: metadata: 2019-11-25 01:56:13.772--ServerSession(1942689199)--Thread(Thread[main,5,main])--The target entity (reference) class for the many to one mapping element [field project] is being defaulted to: class com.mycompany.ductumejb.entidade.Project.
[EL Config]: metadata: 2019-11-25 01:56:13.772--ServerSession(1942689199)--Thread(Thread[main,5,main])--The access type for the persistent class [class com.mycompany.ductumejb.entidade.Employee] is set to [FIELD].
[EL Config]: metadata: 2019-11-25 01:56:13.773--ServerSession(1942689199)--Thread(Thread[main,5,main])--The access type for the persistent class [class com.mycompany.ductumejb.entidade.Comment] is set to [FIELD].
[EL Config]: metadata: 2019-11-25 01:56:13.773--ServerSession(1942689199)--Thread(Thread[main,5,main])--The target entity (reference) class for the one to one mapping element [field user] is being defaulted to: class com.mycompany.ductumejb.entidade.Employee.
[EL Config]: metadata: 2019-11-25 01:56:13.773--ServerSession(1942689199)--Thread(Thread[main,5,main])--The access type for the persistent class [class com.mycompany.ductumejb.entidade.Meeting] is set to [FIELD].
[EL Config]: metadata: 2019-11-25 01:56:13.773--ServerSession(1942689199)--Thread(Thread[main,5,main])--The target entity (reference) class for the many to one mapping element [field sprint] is being defaulted to: class com.mycompany.ductumejb.entidade.Sprint.
[EL Config]: metadata: 2019-11-25 01:56:13.773--ServerSession(1942689199)--Thread(Thread[main,5,main])--The access type for the persistent class [class com.mycompany.ductumejb.entidade.Feature] is set to [FIELD].
[EL Config]: metadata: 2019-11-25 01:56:13.773--ServerSession(1942689199)--Thread(Thread[main,5,main])--The target entity (reference) class for the one to many mapping element [field comments] is being defaulted to: class com.mycompany.ductumejb.entidade.Comment.
[EL Config]: metadata: 2019-11-25 01:56:13.773--ServerSession(1942689199)--Thread(Thread[main,5,main])--The target entity (reference) class for the one to one mapping element [field responsible] is being defaulted to: class com.mycompany.ductumejb.entidade.Employee.
[EL Config]: metadata: 2019-11-25 01:56:13.773--ServerSession(1942689199)--Thread(Thread[main,5,main])--The target entity (reference) class for the many to one mapping element [field reporter] is being defaulted to: class com.mycompany.ductumejb.entidade.Employee.
[EL Config]: metadata: 2019-11-25 01:56:13.773--ServerSession(1942689199)--Thread(Thread[main,5,main])--The target entity (reference) class for the one to one mapping element [field responsible] is being defaulted to: class com.mycompany.ductumejb.entidade.Employee.
[EL Config]: metadata: 2019-11-25 01:56:13.773--ServerSession(1942689199)--Thread(Thread[main,5,main])--The target entity (reference) class for the many to one mapping element [field client] is being defaulted to: class com.mycompany.ductumejb.entidade.Client.
[EL Config]: metadata: 2019-11-25 01:56:13.774--ServerSession(1942689199)--Thread(Thread[main,5,main])--The target entity (reference) class for the many to many mapping element [field employees] is being defaulted to: class com.mycompany.ductumejb.entidade.Employee.
[EL Config]: metadata: 2019-11-25 01:56:13.774--ServerSession(1942689199)--Thread(Thread[main,5,main])--The alias name for the entity class [class com.mycompany.ductumejb.entidade.Solicitation] is being defaulted to: Solicitation.
[EL Config]: metadata: 2019-11-25 01:56:13.775--ServerSession(1942689199)--Thread(Thread[main,5,main])--The alias name for the entity class [class com.mycompany.ductumejb.entidade.Client] is being defaulted to: Client.
[EL Config]: metadata: 2019-11-25 01:56:13.775--ServerSession(1942689199)--Thread(Thread[main,5,main])--The alias name for the entity class [class com.mycompany.ductumejb.entidade.UserSuper] is being defaulted to: UserSuper.
[EL Config]: metadata: 2019-11-25 01:56:13.775--ServerSession(1942689199)--Thread(Thread[main,5,main])--The alias name for the entity class [class com.mycompany.ductumejb.entidade.Sprint] is being defaulted to: Sprint.
[EL Config]: metadata: 2019-11-25 01:56:13.775--ServerSession(1942689199)--Thread(Thread[main,5,main])--The alias name for the entity class [class com.mycompany.ductumejb.entidade.Employee] is being defaulted to: Employee.
[EL Config]: metadata: 2019-11-25 01:56:13.775--ServerSession(1942689199)--Thread(Thread[main,5,main])--The column name for element [cpf] is being defaulted to: CPF.
[EL Config]: metadata: 2019-11-25 01:56:13.775--ServerSession(1942689199)--Thread(Thread[main,5,main])--The alias name for the entity class [class com.mycompany.ductumejb.entidade.Comment] is being defaulted to: Comment.
[EL Config]: metadata: 2019-11-25 01:56:13.776--ServerSession(1942689199)--Thread(Thread[main,5,main])--The alias name for the entity class [class com.mycompany.ductumejb.entidade.Meeting] is being defaulted to: Meeting.
[EL Config]: metadata: 2019-11-25 01:56:13.776--ServerSession(1942689199)--Thread(Thread[main,5,main])--The alias name for the entity class [class com.mycompany.ductumejb.entidade.Feature] is being defaulted to: Feature.
[EL Config]: metadata: 2019-11-25 01:56:13.776--ServerSession(1942689199)--Thread(Thread[main,5,main])--The alias name for the entity class [class com.mycompany.ductumejb.entidade.Project] is being defaulted to: Project.
[EL Config]: metadata: 2019-11-25 01:56:13.777--ServerSession(1942689199)--Thread(Thread[main,5,main])--The primary key column name for the mapping element [field project] is being defaulted to: ID.
[EL Config]: metadata: 2019-11-25 01:56:13.777--ServerSession(1942689199)--Thread(Thread[main,5,main])--The source primary key column name for the many to many mapping [field solicitations] is being defaulted to: ID.
[EL Config]: metadata: 2019-11-25 01:56:13.777--ServerSession(1942689199)--Thread(Thread[main,5,main])--The target primary key column name for the many to many mapping [field solicitations] is being defaulted to: ID.
[EL Config]: metadata: 2019-11-25 01:56:13.777--ServerSession(1942689199)--Thread(Thread[main,5,main])--The primary key column name for the mapping element [field features] is being defaulted to: ID.
[EL Config]: metadata: 2019-11-25 01:56:13.777--ServerSession(1942689199)--Thread(Thread[main,5,main])--The primary key column name for the mapping element [field project] is being defaulted to: ID.
[EL Config]: metadata: 2019-11-25 01:56:13.777--ServerSession(1942689199)--Thread(Thread[main,5,main])--The primary key column name for the mapping element [field sprint] is being defaulted to: ID.
[EL Config]: metadata: 2019-11-25 01:56:13.777--ServerSession(1942689199)--Thread(Thread[main,5,main])--The primary key column name for the mapping element [field comments] is being defaulted to: ID.
[EL Config]: metadata: 2019-11-25 01:56:13.777--ServerSession(1942689199)--Thread(Thread[main,5,main])--The primary key column name for the mapping element [field reporter] is being defaulted to: ID.
[EL Config]: metadata: 2019-11-25 01:56:13.778--ServerSession(1942689199)--Thread(Thread[main,5,main])--The primary key column name for the mapping element [field client] is being defaulted to: ID.
[EL Config]: metadata: 2019-11-25 01:56:13.778--ServerSession(1942689199)--Thread(Thread[main,5,main])--The source primary key column name for the many to many mapping [field employees] is being defaulted to: ID.
[EL Config]: metadata: 2019-11-25 01:56:13.778--ServerSession(1942689199)--Thread(Thread[main,5,main])--The target primary key column name for the many to many mapping [field employees] is being defaulted to: ID.
[EL Info]: 2019-11-25 01:56:18.404--ServerSession(1942689199)--Thread(Thread[main,5,main])--EclipseLink, version: Eclipse Persistence Services - 2.5.2.v20140319-9ad6abd
[EL Config]: connection: 2019-11-25 01:56:18.404--ServerSession(1942689199)--Connection(1668305954)--Thread(Thread[main,5,main])--connecting(DatabaseLogin(
	platform=>MySQLPlatform
	user name=> "root"
	connector=>JNDIConnector datasource name=>jdbc/ductum
))
[EL Severe]: 2019-11-25 01:56:18.405--ServerSession(1942689199)--Thread(Thread[main,5,main])--Exception [EclipseLink-7060] (Eclipse Persistence Services - 2.5.2.v20140319-9ad6abd): org.eclipse.persistence.exceptions.ValidationException
Exception Description: Cannot acquire data source [jdbc/ductum].
Internal Exception: javax.naming.NamingException: Lookup failed for 'jdbc/ductum' in SerialContext[myEnv={java.naming.factory.initial=com.sun.enterprise.naming.impl.SerialInitContextFactory, java.naming.factory.url.pkgs=com.sun.enterprise.naming, java.naming.factory.state=com.sun.corba.ee.impl.presentation.rmi.JNDIStateFactoryImpl} [Root exception is javax.naming.NameNotFoundException: ductum not found]
[EL Severe]: ejb: 2019-11-25 01:56:18.405--ServerSession(1942689199)--Thread(Thread[main,5,main])--Exception [EclipseLink-7060] (Eclipse Persistence Services - 2.5.2.v20140319-9ad6abd): org.eclipse.persistence.exceptions.ValidationException
Exception Description: Cannot acquire data source [jdbc/ductum].
Internal Exception: javax.naming.NamingException: Lookup failed for 'jdbc/ductum' in SerialContext[myEnv={java.naming.factory.initial=com.sun.enterprise.naming.impl.SerialInitContextFactory, java.naming.factory.url.pkgs=com.sun.enterprise.naming, java.naming.factory.state=com.sun.corba.ee.impl.presentation.rmi.JNDIStateFactoryImpl} [Root exception is javax.naming.NameNotFoundException: ductum not found]
]]></system-out>
  </testcase>
  <testcase name="persistirClientInvalido" classname="Entity.ValidatorTest.FeatureValidationTest" time="0.007">
    <error type="java.lang.NullPointerException">java.lang.NullPointerException
</error>
  </testcase>
  <testcase name="atualizarFeatureInvalido" classname="Entity.ValidatorTest.FeatureValidationTest" time="0.001">
    <error message="Exception [EclipseLink-7060] (Eclipse Persistence Services - 2.5.2.v20140319-9ad6abd): org.eclipse.persistence.exceptions.ValidationException&#10;Exception Description: Cannot acquire data source [jdbc/ductum].&#10;Internal Exception: javax.naming.NamingException: Lookup failed for &apos;jdbc/ductum&apos; in SerialContext[myEnv={java.naming.factory.initial=com.sun.enterprise.naming.impl.SerialInitContextFactory, java.naming.factory.url.pkgs=com.sun.enterprise.naming, java.naming.factory.state=com.sun.corba.ee.impl.presentation.rmi.JNDIStateFactoryImpl} [Root exception is javax.naming.NameNotFoundException: ductum not found]" type="javax.persistence.PersistenceException">javax.persistence.PersistenceException: 
Exception [EclipseLink-7060] (Eclipse Persistence Services - 2.5.2.v20140319-9ad6abd): org.eclipse.persistence.exceptions.ValidationException
Exception Description: Cannot acquire data source [jdbc/ductum].
Internal Exception: javax.naming.NamingException: Lookup failed for 'jdbc/ductum' in SerialContext[myEnv={java.naming.factory.initial=com.sun.enterprise.naming.impl.SerialInitContextFactory, java.naming.factory.url.pkgs=com.sun.enterprise.naming, java.naming.factory.state=com.sun.corba.ee.impl.presentation.rmi.JNDIStateFactoryImpl} [Root exception is javax.naming.NameNotFoundException: ductum not found]
Caused by: org.eclipse.persistence.exceptions.ValidationException: 

Exception Description: Cannot acquire data source [jdbc/ductum].
Internal Exception: javax.naming.NamingException: Lookup failed for 'jdbc/ductum' in SerialContext[myEnv={java.naming.factory.initial=com.sun.enterprise.naming.impl.SerialInitContextFactory, java.naming.factory.url.pkgs=com.sun.enterprise.naming, java.naming.factory.state=com.sun.corba.ee.impl.presentation.rmi.JNDIStateFactoryImpl} [Root exception is javax.naming.NameNotFoundException: ductum not found]
Caused by: javax.naming.NamingException: Lookup failed for 'jdbc/ductum' in SerialContext[myEnv={java.naming.factory.initial=com.sun.enterprise.naming.impl.SerialInitContextFactory, java.naming.factory.url.pkgs=com.sun.enterprise.naming, java.naming.factory.state=com.sun.corba.ee.impl.presentation.rmi.JNDIStateFactoryImpl}
Caused by: javax.naming.NameNotFoundException: ductum not found
</error>
    <system-out><![CDATA[[EL Info]: 2019-11-25 01:56:18.406--ServerSession(1942689199)--Thread(Thread[main,5,main])--EclipseLink, version: Eclipse Persistence Services - 2.5.2.v20140319-9ad6abd
[EL Config]: connection: 2019-11-25 01:56:18.406--ServerSession(1942689199)--Connection(841593920)--Thread(Thread[main,5,main])--connecting(DatabaseLogin(
	platform=>MySQLPlatform
	user name=> "root"
	connector=>JNDIConnector datasource name=>jdbc/ductum
))
[EL Severe]: 2019-11-25 01:56:18.406--ServerSession(1942689199)--Thread(Thread[main,5,main])--Exception [EclipseLink-7060] (Eclipse Persistence Services - 2.5.2.v20140319-9ad6abd): org.eclipse.persistence.exceptions.ValidationException
Exception Description: Cannot acquire data source [jdbc/ductum].
Internal Exception: javax.naming.NamingException: Lookup failed for 'jdbc/ductum' in SerialContext[myEnv={java.naming.factory.initial=com.sun.enterprise.naming.impl.SerialInitContextFactory, java.naming.factory.url.pkgs=com.sun.enterprise.naming, java.naming.factory.state=com.sun.corba.ee.impl.presentation.rmi.JNDIStateFactoryImpl} [Root exception is javax.naming.NameNotFoundException: ductum not found]
[EL Severe]: ejb: 2019-11-25 01:56:18.406--ServerSession(1942689199)--Thread(Thread[main,5,main])--Exception [EclipseLink-7060] (Eclipse Persistence Services - 2.5.2.v20140319-9ad6abd): org.eclipse.persistence.exceptions.ValidationException
Exception Description: Cannot acquire data source [jdbc/ductum].
Internal Exception: javax.naming.NamingException: Lookup failed for 'jdbc/ductum' in SerialContext[myEnv={java.naming.factory.initial=com.sun.enterprise.naming.impl.SerialInitContextFactory, java.naming.factory.url.pkgs=com.sun.enterprise.naming, java.naming.factory.state=com.sun.corba.ee.impl.presentation.rmi.JNDIStateFactoryImpl} [Root exception is javax.naming.NameNotFoundException: ductum not found]
]]></system-out>
  </testcase>
  <testcase name="atualizarFeatureInvalido" classname="Entity.ValidatorTest.FeatureValidationTest" time="0.001">
    <error type="java.lang.NullPointerException">java.lang.NullPointerException
</error>
  </testcase>
</testsuite>